  Building Custom Rule E:/4.Coding/libzmq-master/CMakeLists.txt
  precompiled.cpp
  sha1.c
  tweetnacl.c
  wepoll.c
  address.cpp
  channel.cpp
  client.cpp
  clock.cpp
  ctx.cpp
  curve_mechanism_base.cpp
  curve_client.cpp
  curve_server.cpp
  dealer.cpp
  devpoll.cpp
  dgram.cpp
  dist.cpp
  endpoint.cpp
  epoll.cpp
  err.cpp
  fq.cpp
  io_object.cpp
  io_thread.cpp
  ip.cpp
  ipc_address.cpp
  ipc_connecter.cpp
  ipc_listener.cpp
  kqueue.cpp
  lb.cpp
  mailbox.cpp
  mailbox_safe.cpp
  mechanism.cpp
  mechanism_base.cpp
  metadata.cpp
  msg.cpp
  mtrie.cpp
  norm_engine.cpp
  object.cpp
  options.cpp
  own.cpp
  null_mechanism.cpp
  pair.cpp
  peer.cpp
  pgm_receiver.cpp
  pgm_sender.cpp
  pgm_socket.cpp
  pipe.cpp
  plain_client.cpp
  plain_server.cpp
  poll.cpp
  poller_base.cpp
  polling_util.cpp
  pollset.cpp
  proxy.cpp
  pub.cpp
  pull.cpp
  push.cpp
  random.cpp
  raw_encoder.cpp
  raw_decoder.cpp
  raw_engine.cpp
  reaper.cpp
  rep.cpp
  req.cpp
  router.cpp
  select.cpp
  server.cpp
  session_base.cpp
  signaler.cpp
  socket_base.cpp
  socks.cpp
  socks_connecter.cpp
  stream.cpp
  stream_engine_base.cpp
  sub.cpp
  tcp.cpp
  tcp_address.cpp
  tcp_connecter.cpp
  tcp_listener.cpp
  thread.cpp
  trie.cpp
  radix_tree.cpp
  v1_decoder.cpp
  v1_encoder.cpp
  v2_decoder.cpp
  v2_encoder.cpp
  v3_1_encoder.cpp
  xpub.cpp
  xsub.cpp
  zmq.cpp
  zmq_utils.cpp
  decoder_allocators.cpp
  socket_poller.cpp
  timers.cpp
  radio.cpp
  dish.cpp
  udp_engine.cpp
  udp_address.cpp
  scatter.cpp
  gather.cpp
  ip_resolver.cpp
  zap_client.cpp
  zmtp_engine.cpp
  stream_connecter_base.cpp
  stream_listener_base.cpp
  libzmq-static.vcxproj -> E:\4.Coding\libzmq-master\build-vc\lib\Debug\libzmq-v142-mt-sgd-4_3_5.lib
