This is pdfTeX, Version 3.14159265-2.6-1.40.21 (MiKTeX 20.7) (preloaded format=pdflatex 2020.8.9)  22 AUG 2020 08:22
entering extended mode
**e:/4.Coding/EmpathicEngine/ProjectFiles/Requirements/Requirements.tex
(e:/4.Coding/EmpathicEngine/ProjectFiles/Requirements/Requirements.tex
LaTeX2e <2020-02-02> patch level 5
L3 programming layer <2020-07-17> (D:\ProfessionalSoftwares\Miktex\tex/latex/base\article.cls
Document Class: article 2019/12/20 v1.4l Standard LaTeX document class
(D:\ProfessionalSoftwares\Miktex\tex/latex/base\size10.clo
File: size10.clo 2019/12/20 v1.4l Standard LaTeX file (size option)
)
\c@part=\count168
\c@section=\count169
\c@subsection=\count170
\c@subsubsection=\count171
\c@paragraph=\count172
\c@subparagraph=\count173
\c@figure=\count174
\c@table=\count175
\abovecaptionskip=\skip47
\belowcaptionskip=\skip48
\bibindent=\dimen134
) (D:\ProfessionalSoftwares\Miktex\tex/latex/l3backend\l3backend-pdfmode.def
File: l3backend-pdfmode.def 2020-06-29 L3 backend support: PDF mode
\l__kernel_color_stack_int=\count176
\l__pdf_internal_box=\box45
) (e:/4.Coding\EmpathicEngine\ProjectFiles\Requirements\Requirements.aux)
\openout1 = `Requirements.aux'.

LaTeX Font Info:    Checking defaults for OML/cmm/m/it on input line 2.
LaTeX Font Info:    ... okay on input line 2.
LaTeX Font Info:    Checking defaults for OMS/cmsy/m/n on input line 2.
LaTeX Font Info:    ... okay on input line 2.
LaTeX Font Info:    Checking defaults for OT1/cmr/m/n on input line 2.
LaTeX Font Info:    ... okay on input line 2.
LaTeX Font Info:    Checking defaults for T1/cmr/m/n on input line 2.
LaTeX Font Info:    ... okay on input line 2.
LaTeX Font Info:    Checking defaults for TS1/cmr/m/n on input line 2.
LaTeX Font Info:    ... okay on input line 2.
LaTeX Font Info:    Checking defaults for OMX/cmex/m/n on input line 2.
LaTeX Font Info:    ... okay on input line 2.
LaTeX Font Info:    Checking defaults for U/cmr/m/n on input line 2.
LaTeX Font Info:    ... okay on input line 2.
LaTeX Font Info:    External font `cmex10' loaded for size
(Font)              <12> on input line 8.
LaTeX Font Info:    External font `cmex10' loaded for size
(Font)              <8> on input line 8.
LaTeX Font Info:    External font `cmex10' loaded for size
(Font)              <6> on input line 8.
 (e:/4.Coding\EmpathicEngine\ProjectFiles\Requirements\Requirements.toc
LaTeX Font Info:    External font `cmex10' loaded for size
(Font)              <7> on input line 2.
LaTeX Font Info:    External font `cmex10' loaded for size
(Font)              <5> on input line 2.
)
\tf@toc=\write3
\openout3 = `Requirements.toc'.

 [1

{C:/Users/19082/AppData/Local/MiKTeX/pdftex/config/pdftex.map}] [2] (e:/4.Coding\EmpathicEngine\ProjectFiles\Requirements\Requirements.aux) ) 
Here is how much of TeX's memory you used:
 403 strings out of 481225
 7273 string characters out of 2912233
 246094 words of memory out of 3000000
 16045 multiletter control sequences out of 15000+200000
 539950 words of font info for 45 fonts, out of 3000000 for 9000
 1141 hyphenation exceptions out of 8191
 25i,8n,25p,204b,187s stack positions out of 5000i,500n,10000p,200000b,50000s
<D:/ProfessionalSoftwares/Miktex/fonts/type1/public/amsfonts/cm/cmbx10.pfb><D:/ProfessionalSoftwares/Miktex/fonts/type1/public/amsfonts/cm/cmbx12.pfb><D:/ProfessionalSoftwares/Miktex/fonts/type1/public/amsfonts/cm/cmbx9.pfb><D:/ProfessionalSoftwares/Miktex/fonts/type1/public/amsfonts/cm/cmmi10.pfb><D:/ProfessionalSoftwares/Miktex/fonts/type1/public/amsfonts/cm/cmmi7.pfb><D:/ProfessionalSoftwares/Miktex/fonts/type1/public/amsfonts/cm/cmr10.pfb><D:/ProfessionalSoftwares/Miktex/fonts/type1/public/amsfonts/cm/cmr12.pfb><D:/ProfessionalSoftwares/Miktex/fonts/type1/public/amsfonts/cm/cmr17.pfb><D:/ProfessionalSoftwares/Miktex/fonts/type1/public/amsfonts/cm/cmr5.pfb><D:/ProfessionalSoftwares/Miktex/fonts/type1/public/amsfonts/cm/cmr7.pfb><D:/ProfessionalSoftwares/Miktex/fonts/type1/public/amsfonts/cm/cmr9.pfb>
Output written on e:/4.Coding\EmpathicEngine\ProjectFiles\Requirements\Requirements.pdf (2 pages, 124195 bytes).
PDF statistics:
 53 PDF objects out of 1000 (max. 8388607)
 0 named destinations out of 1000 (max. 500000)
 1 words of extra memory for PDF output out of 10000 (max. 10000000)

